[debug] [2021-07-05T02:23:32.562Z] ----------------------------------------------------------------------
[debug] [2021-07-05T02:23:32.564Z] Command:       C:\Program Files\nodejs\node.exe C:\Users\rahul\AppData\Roaming\npm\node_modules\firebase-tools\lib\bin\firebase.js init
[debug] [2021-07-05T02:23:32.565Z] CLI Version:   9.14.0
[debug] [2021-07-05T02:23:32.565Z] Platform:      win32
[debug] [2021-07-05T02:23:32.565Z] Node Version:  v16.3.0
[debug] [2021-07-05T02:23:32.565Z] Time:          Mon Jul 05 2021 07:53:32 GMT+0530 (India Standard Time)
[debug] [2021-07-05T02:23:32.566Z] ----------------------------------------------------------------------
[debug] 
[debug] [2021-07-05T02:23:32.574Z] > command requires scopes: ["email","openid","https://www.googleapis.com/auth/cloudplatformprojects.readonly","https://www.googleapis.com/auth/firebase","https://www.googleapis.com/auth/cloud-platform"]
[debug] [2021-07-05T02:23:32.575Z] > authorizing via signed-in user (rahulgadi21111999@gmail.com)
[info] 
     ######## #### ########  ######## ########     ###     ######  ########
     ##        ##  ##     ## ##       ##     ##  ##   ##  ##       ##
     ######    ##  ########  ######   ########  #########  ######  ######
     ##        ##  ##    ##  ##       ##     ## ##     ##       ## ##
     ##       #### ##     ## ######## ########  ##     ##  ######  ########

You're about to initialize a Firebase project in this directory:

  C:\Users\rahul\OneDrive\Desktop\netflixclone

[info] 
=== Project Setup
[info] 
[info] First, let's associate this project directory with a Firebase project.
[info] You can create multiple project aliases by running firebase use --add, 
[info] but for now we'll just set up a default project.
[info] 
[debug] [2021-07-05T02:24:41.473Z] >>> [apiv2][query] GET https://firebase.googleapis.com/v1beta1/projects pageSize=100
[debug] [2021-07-05T02:24:42.544Z] <<< [apiv2][status] GET https://firebase.googleapis.com/v1beta1/projects 200
[debug] [2021-07-05T02:24:42.544Z] <<< [apiv2][body] GET https://firebase.googleapis.com/v1beta1/projects [omitted]
[info] i  Using project netflixclone-3cd86 (netflixclone) 
[info] 
=== Hosting:github Setup
[info] 
[info] i  Didn't detect a .git folder. Assuming C:\Users\rahul\OneDrive\Desktop\netflixclone is the project root. 
[info] i  Authorizing with GitHub to upload your service account to a GitHub repository's secrets store. 
[info] 
[info] Visit this URL on this device to log in:
[info] https://github.com/login/oauth/authorize?client_id=89cf50f02ac6aaed3484&state=996595299&redirect_uri=http%3A%2F%2Flocalhost%3A9005&scope=read%3Auser%20repo%20public_repo
[info] 
[info] Waiting for authentication...
[debug] [2021-07-05T02:26:39.793Z] >>> HTTP REQUEST POST https://github.com/login/oauth/access_token  
 {"client_id":"89cf50f02ac6aaed3484","client_secret":"3330d14abc895d9a74d5f17cd7a00711fa2c5bf0","code":"b81c3eea0602d66e0b5e","redirect_uri":"http://localhost:9005","state":"996595299"}
[debug] [2021-07-05T02:26:40.473Z] <<< HTTP RESPONSE 200 {"server":"GitHub.com","date":"Mon, 05 Jul 2021 02:26:47 GMT","content-type":"application/json; charset=utf-8","transfer-encoding":"chunked","vary":"X-PJAX, Accept-Encoding, Accept, X-Requested-With","permissions-policy":"interest-cohort=()","etag":"W/\"7b24fbf50aab062240abed892f71a024\"","cache-control":"max-age=0, private, must-revalidate","strict-transport-security":"max-age=31536000; includeSubdomains; preload","x-frame-options":"deny","x-content-type-options":"nosniff","x-xss-protection":"0","referrer-policy":"origin-when-cross-origin, strict-origin-when-cross-origin","expect-ct":"max-age=2592000, report-uri=\"https://api.github.com/_private/browser/errors\"","content-security-policy":"default-src 'none'; base-uri 'self'; block-all-mixed-content; connect-src 'self' uploads.github.com www.githubstatus.com collector.githubapp.com api.github.com github-cloud.s3.amazonaws.com github-production-repository-file-5c1aeb.s3.amazonaws.com github-production-upload-manifest-file-7fdce7.s3.amazonaws.com github-production-user-asset-6210df.s3.amazonaws.com cdn.optimizely.com logx.optimizely.com/v1/events translator.github.com wss://alive.github.com; font-src github.githubassets.com; form-action 'self' github.com gist.github.com; frame-ancestors 'none'; frame-src render.githubusercontent.com render-temp.githubusercontent.com viewscreen.githubusercontent.com; img-src 'self' data: github.githubassets.com identicons.github.com collector.githubapp.com github-cloud.s3.amazonaws.com secured-user-images.githubusercontent.com/ *.githubusercontent.com; manifest-src 'self'; media-src 'none'; script-src github.githubassets.com; style-src 'unsafe-inline' github.githubassets.com; worker-src github.com/socket-worker-3f088aa2.js gist.github.com/socket-worker-3f088aa2.js","x-github-request-id":"C54C:13C4:19A4D0B:1BA4C09:60E26DE7"}
[debug] [2021-07-05T02:26:40.491Z] >>> [apiv2][query] GET https://api.github.com/user [none]
[debug] [2021-07-05T02:26:41.104Z] <<< [apiv2][status] GET https://api.github.com/user 200
[debug] [2021-07-05T02:26:41.105Z] <<< [apiv2][body] GET https://api.github.com/user {"login":"rahul-svg","id":61095152,"node_id":"MDQ6VXNlcjYxMDk1MTUy","avatar_url":"https://avatars.githubusercontent.com/u/61095152?v=4","gravatar_id":"","url":"https://api.github.com/users/rahul-svg","html_url":"https://github.com/rahul-svg","followers_url":"https://api.github.com/users/rahul-svg/followers","following_url":"https://api.github.com/users/rahul-svg/following{/other_user}","gists_url":"https://api.github.com/users/rahul-svg/gists{/gist_id}","starred_url":"https://api.github.com/users/rahul-svg/starred{/owner}{/repo}","subscriptions_url":"https://api.github.com/users/rahul-svg/subscriptions","organizations_url":"https://api.github.com/users/rahul-svg/orgs","repos_url":"https://api.github.com/users/rahul-svg/repos","events_url":"https://api.github.com/users/rahul-svg/events{/privacy}","received_events_url":"https://api.github.com/users/rahul-svg/received_events","type":"User","site_admin":false,"name":null,"company":null,"blog":"","location":null,"email":null,"hireable":null,"bio":null,"twitter_username":null,"public_repos":2,"public_gists":0,"followers":0,"following":0,"created_at":"2020-02-15T20:19:49Z","updated_at":"2021-07-05T02:26:32Z","private_gists":0,"total_private_repos":0,"owned_private_repos":0,"disk_usage":2,"collaborators":0,"two_factor_authentication":false,"plan":{"name":"free","space":976562499,"collaborators":0,"private_repos":10000}}
[info] 
[info] +  Success! Logged into GitHub as rahul-svg 
[info] 
[debug] [2021-07-05T02:27:12.714Z] >>> [apiv2][query] GET https://api.github.com/repos/respository/actions/secrets/public-key type=owner
[debug] [2021-07-05T02:27:13.424Z] <<< [apiv2][status] GET https://api.github.com/repos/respository/actions/secrets/public-key 404
[debug] [2021-07-05T02:27:13.425Z] <<< [apiv2][body] GET https://api.github.com/repos/respository/actions/secrets/public-key {"message":"Not Found","documentation_url":"https://docs.github.com/rest"}
[debug] [2021-07-05T02:31:03.342Z] ----------------------------------------------------------------------
[debug] [2021-07-05T02:31:03.346Z] Command:       C:\Program Files\nodejs\node.exe C:\Users\rahul\AppData\Roaming\npm\node_modules\firebase-tools\lib\bin\firebase.js init
[debug] [2021-07-05T02:31:03.347Z] CLI Version:   9.14.0
[debug] [2021-07-05T02:31:03.347Z] Platform:      win32
[debug] [2021-07-05T02:31:03.347Z] Node Version:  v16.3.0
[debug] [2021-07-05T02:31:03.358Z] Time:          Mon Jul 05 2021 08:01:03 GMT+0530 (India Standard Time)
[debug] [2021-07-05T02:31:03.359Z] ----------------------------------------------------------------------
[debug] 
[debug] [2021-07-05T02:31:03.375Z] > command requires scopes: ["email","openid","https://www.googleapis.com/auth/cloudplatformprojects.readonly","https://www.googleapis.com/auth/firebase","https://www.googleapis.com/auth/cloud-platform"]
[debug] [2021-07-05T02:31:03.376Z] > authorizing via signed-in user (rahulgadi21111999@gmail.com)
[info] 
     ######## #### ########  ######## ########     ###     ######  ########
     ##        ##  ##     ## ##       ##     ##  ##   ##  ##       ##
     ######    ##  ########  ######   ########  #########  ######  ######
     ##        ##  ##    ##  ##       ##     ## ##     ##       ## ##
     ##       #### ##     ## ######## ########  ##     ##  ######  ########

You're about to initialize a Firebase project in this directory:

  C:\Users\rahul\OneDrive\Desktop\netflixclone

[info] 
=== Project Setup
[info] 
[info] First, let's associate this project directory with a Firebase project.
[info] You can create multiple project aliases by running firebase use --add, 
[info] but for now we'll just set up a default project.
[info] 
[debug] [2021-07-05T02:31:32.898Z] >>> [apiv2][query] GET https://firebase.googleapis.com/v1beta1/projects pageSize=100
[debug] [2021-07-05T02:31:33.981Z] <<< [apiv2][status] GET https://firebase.googleapis.com/v1beta1/projects 200
[debug] [2021-07-05T02:31:33.981Z] <<< [apiv2][body] GET https://firebase.googleapis.com/v1beta1/projects [omitted]
[info] i  Using project netflixclone-3cd86 (netflixclone) 
[info] 
=== Hosting Setup
[info] 
[info] Your public directory is the folder (relative to your project directory) that
[info] will contain Hosting assets to be uploaded with firebase deploy. If you
[info] have a build process for your assets, use your build's output directory.
[info] 
[info] +  Wrote y/404.html 
[debug] [2021-07-05T02:55:54.011Z] >>> [apiv2][query] GET https://www.gstatic.com/firebasejs/releases.json [none]
[debug] [2021-07-05T02:55:54.384Z] <<< [apiv2][status] GET https://www.gstatic.com/firebasejs/releases.json 200
[debug] [2021-07-05T02:55:54.386Z] <<< [apiv2][body] GET https://www.gstatic.com/firebasejs/releases.json {"current":{"version":"8.7.0","browserURL":"https://www.gstatic.com/firebasejs/8.7.0/firebase.js","packageURL":"https://www.gstatic.com/firebasejs/8.7.0/firebase.tgz"},"live":{"version":"8.7","browserURL":"https://www.gstatic.com/firebasejs/live/8.7/firebase.js","packageURL":"https://www.gstatic.com/firebasejs/live/8.7/firebase.tgz"},"components":{"analytics":"https://www.gstatic.com/firebasejs/8.7.0/firebase-analytics.js","app":"https://www.gstatic.com/firebasejs/8.7.0/firebase-app.js","app-check":"https://www.gstatic.com/firebasejs/8.7.0/firebase-app-check.js","auth":"https://www.gstatic.com/firebasejs/8.7.0/firebase-auth.js","database":"https://www.gstatic.com/firebasejs/8.7.0/firebase-database.js","firestore":"https://www.gstatic.com/firebasejs/8.7.0/firebase-firestore.js","functions":"https://www.gstatic.com/firebasejs/8.7.0/firebase-functions.js","installations":"https://www.gstatic.com/firebasejs/8.7.0/firebase-installations.js","messaging":"https://www.gstatic.com/firebasejs/8.7.0/firebase-messaging.js","storage":"https://www.gstatic.com/firebasejs/8.7.0/firebase-storage.js","performance":"https://www.gstatic.com/firebasejs/8.7.0/firebase-performance.js","remote-config":"https://www.gstatic.com/firebasejs/8.7.0/firebase-remote-config.js","firestore.memory":"https://www.gstatic.com/firebasejs/8.7.0/firebase-firestore.memory.js"}}
[info] +  Wrote y/index.html 
[info] 
[info] i  Didn't detect a .git folder. Assuming C:\Users\rahul\OneDrive\Desktop\netflixclone is the project root. 
[info] i  Authorizing with GitHub to upload your service account to a GitHub repository's secrets store. 
[info] 
[info] Visit this URL on this device to log in:
[info] https://github.com/login/oauth/authorize?client_id=89cf50f02ac6aaed3484&state=186470241&redirect_uri=http%3A%2F%2Flocalhost%3A9005&scope=read%3Auser%20repo%20public_repo
[info] 
[info] Waiting for authentication...
[debug] [2021-07-05T02:55:56.138Z] >>> HTTP REQUEST POST https://github.com/login/oauth/access_token  
 {"client_id":"89cf50f02ac6aaed3484","client_secret":"3330d14abc895d9a74d5f17cd7a00711fa2c5bf0","code":"193b80f2f6d9aae3ccce","redirect_uri":"http://localhost:9005","state":"186470241"}
[debug] [2021-07-05T02:55:56.662Z] <<< HTTP RESPONSE 200 {"server":"GitHub.com","date":"Mon, 05 Jul 2021 02:56:04 GMT","content-type":"application/json; charset=utf-8","transfer-encoding":"chunked","vary":"X-PJAX, Accept-Encoding, Accept, X-Requested-With","permissions-policy":"interest-cohort=()","etag":"W/\"52d98756c21ee4ab19221baf569a9c48\"","cache-control":"max-age=0, private, must-revalidate","strict-transport-security":"max-age=31536000; includeSubdomains; preload","x-frame-options":"deny","x-content-type-options":"nosniff","x-xss-protection":"0","referrer-policy":"origin-when-cross-origin, strict-origin-when-cross-origin","expect-ct":"max-age=2592000, report-uri=\"https://api.github.com/_private/browser/errors\"","content-security-policy":"default-src 'none'; base-uri 'self'; block-all-mixed-content; connect-src 'self' uploads.github.com www.githubstatus.com collector.githubapp.com api.github.com github-cloud.s3.amazonaws.com github-production-repository-file-5c1aeb.s3.amazonaws.com github-production-upload-manifest-file-7fdce7.s3.amazonaws.com github-production-user-asset-6210df.s3.amazonaws.com cdn.optimizely.com logx.optimizely.com/v1/events translator.github.com wss://alive.github.com; font-src github.githubassets.com; form-action 'self' github.com gist.github.com; frame-ancestors 'none'; frame-src render.githubusercontent.com render-temp.githubusercontent.com viewscreen.githubusercontent.com; img-src 'self' data: github.githubassets.com identicons.github.com collector.githubapp.com github-cloud.s3.amazonaws.com secured-user-images.githubusercontent.com/ *.githubusercontent.com; manifest-src 'self'; media-src 'none'; script-src github.githubassets.com; style-src 'unsafe-inline' github.githubassets.com; worker-src github.com/socket-worker-3f088aa2.js gist.github.com/socket-worker-3f088aa2.js","x-github-request-id":"FCA8:05A5:11A4247:132597A:60E274C4"}
[debug] [2021-07-05T02:55:56.678Z] >>> [apiv2][query] GET https://api.github.com/user [none]
[debug] [2021-07-05T02:55:57.219Z] <<< [apiv2][status] GET https://api.github.com/user 200
[debug] [2021-07-05T02:55:57.219Z] <<< [apiv2][body] GET https://api.github.com/user {"login":"rahul-svg","id":61095152,"node_id":"MDQ6VXNlcjYxMDk1MTUy","avatar_url":"https://avatars.githubusercontent.com/u/61095152?v=4","gravatar_id":"","url":"https://api.github.com/users/rahul-svg","html_url":"https://github.com/rahul-svg","followers_url":"https://api.github.com/users/rahul-svg/followers","following_url":"https://api.github.com/users/rahul-svg/following{/other_user}","gists_url":"https://api.github.com/users/rahul-svg/gists{/gist_id}","starred_url":"https://api.github.com/users/rahul-svg/starred{/owner}{/repo}","subscriptions_url":"https://api.github.com/users/rahul-svg/subscriptions","organizations_url":"https://api.github.com/users/rahul-svg/orgs","repos_url":"https://api.github.com/users/rahul-svg/repos","events_url":"https://api.github.com/users/rahul-svg/events{/privacy}","received_events_url":"https://api.github.com/users/rahul-svg/received_events","type":"User","site_admin":false,"name":null,"company":null,"blog":"","location":null,"email":null,"hireable":null,"bio":null,"twitter_username":null,"public_repos":2,"public_gists":0,"followers":0,"following":0,"created_at":"2020-02-15T20:19:49Z","updated_at":"2021-07-05T02:26:32Z","private_gists":0,"total_private_repos":0,"owned_private_repos":0,"disk_usage":2,"collaborators":0,"two_factor_authentication":false,"plan":{"name":"free","space":976562499,"collaborators":0,"private_repos":10000}}
[info] 
[info] +  Success! Logged into GitHub as rahul-svg 
[info] 
[debug] [2021-07-05T02:56:33.809Z] >>> [apiv2][query] GET https://api.github.com/repos/repository/actions/secrets/public-key type=owner
[debug] [2021-07-05T02:56:34.359Z] <<< [apiv2][status] GET https://api.github.com/repos/repository/actions/secrets/public-key 404
[debug] [2021-07-05T02:56:34.360Z] <<< [apiv2][body] GET https://api.github.com/repos/repository/actions/secrets/public-key {"message":"Not Found","documentation_url":"https://docs.github.com/rest"}
[debug] [2021-07-05T02:56:51.620Z] >>> [apiv2][query] GET https://api.github.com/repos/y/actions/secrets/public-key type=owner
[debug] [2021-07-05T02:56:52.350Z] <<< [apiv2][status] GET https://api.github.com/repos/y/actions/secrets/public-key 404
[debug] [2021-07-05T02:56:52.350Z] <<< [apiv2][body] GET https://api.github.com/repos/y/actions/secrets/public-key {"message":"Not Found","documentation_url":"https://docs.github.com/rest"}
[debug] [2021-07-05T02:57:16.370Z] >>> [apiv2][query] GET https://api.github.com/repos/rahul-svg/actions/secrets/public-key type=owner
[debug] [2021-07-05T02:57:16.978Z] <<< [apiv2][status] GET https://api.github.com/repos/rahul-svg/actions/secrets/public-key 404
[debug] [2021-07-05T02:57:16.979Z] <<< [apiv2][body] GET https://api.github.com/repos/rahul-svg/actions/secrets/public-key {"message":"Not Found","documentation_url":"https://docs.github.com/rest"}
